  main.cpp
E:\Escritorio\Universidad\8vo Semestre\Computación Gráfica\Laboratorio\Repositorio\316122087_Proyecto_GPO04\ProyectoFinal\ProyectoFinal\main.cpp(193,24): warning C4244: 'inicializando': conversión de 'double' a 'GLfloat'; posible pérdida de datos
E:\Escritorio\Universidad\8vo Semestre\Computación Gráfica\Laboratorio\Repositorio\316122087_Proyecto_GPO04\ProyectoFinal\ProyectoFinal\main.cpp(228,21): warning C4244: '=': conversión de 'double' a 'T'; posible pérdida de datos
          with
          [
              T=float
          ]
E:\Escritorio\Universidad\8vo Semestre\Computación Gráfica\Laboratorio\Repositorio\316122087_Proyecto_GPO04\ProyectoFinal\ProyectoFinal\main.cpp(229,21): warning C4244: '=': conversión de 'double' a 'T'; posible pérdida de datos
          with
          [
              T=float
          ]
E:\Escritorio\Universidad\8vo Semestre\Computación Gráfica\Laboratorio\Repositorio\316122087_Proyecto_GPO04\ProyectoFinal\ProyectoFinal\main.cpp(230,21): warning C4244: '=': conversión de 'double' a 'T'; posible pérdida de datos
          with
          [
              T=float
          ]
E:\Escritorio\Universidad\8vo Semestre\Computación Gráfica\Laboratorio\Repositorio\316122087_Proyecto_GPO04\ProyectoFinal\ProyectoFinal\main.cpp(480,11): warning C4244: '=': conversión de 'double' a 'GLfloat'; posible pérdida de datos
E:\Escritorio\Universidad\8vo Semestre\Computación Gráfica\Laboratorio\Repositorio\316122087_Proyecto_GPO04\ProyectoFinal\ProyectoFinal\main.cpp(481,11): warning C4244: '=': conversión de 'double' a 'GLfloat'; posible pérdida de datos
E:\Escritorio\Universidad\8vo Semestre\Computación Gráfica\Laboratorio\Repositorio\316122087_Proyecto_GPO04\ProyectoFinal\ProyectoFinal\main.cpp(485,18): warning C4244: 'inicializando': conversión de 'double' a 'GLfloat'; posible pérdida de datos
E:\Escritorio\Universidad\8vo Semestre\Computación Gráfica\Laboratorio\Repositorio\316122087_Proyecto_GPO04\ProyectoFinal\ProyectoFinal\main.cpp(486,18): warning C4244: 'inicializando': conversión de 'double' a 'GLfloat'; posible pérdida de datos
E:\Escritorio\Universidad\8vo Semestre\Computación Gráfica\Laboratorio\Repositorio\316122087_Proyecto_GPO04\ProyectoFinal\ProyectoFinal\main.cpp(488,10): warning C4244: '=': conversión de 'double' a 'GLfloat'; posible pérdida de datos
E:\Escritorio\Universidad\8vo Semestre\Computación Gráfica\Laboratorio\Repositorio\316122087_Proyecto_GPO04\ProyectoFinal\ProyectoFinal\main.cpp(489,10): warning C4244: '=': conversión de 'double' a 'GLfloat'; posible pérdida de datos
  ProyectoFinal.vcxproj -> E:\Escritorio\Universidad\8vo Semestre\Computación Gráfica\Laboratorio\Repositorio\316122087_Proyecto_GPO04\ProyectoFinal\Debug\ProyectoFinal.exe
